Determining if the pthread_create exist failed with the following output:
Change Dir: /home/pictobot/pcl_indoorPlaneSegmentation/build/CMakeFiles/CMakeTmp

Run Build Command:"/usr/bin/make" "cmTC_5ec25/fast"
/usr/bin/make -f CMakeFiles/cmTC_5ec25.dir/build.make CMakeFiles/cmTC_5ec25.dir/build
make[1]: Entering directory '/home/pictobot/pcl_indoorPlaneSegmentation/build/CMakeFiles/CMakeTmp'
Building C object CMakeFiles/cmTC_5ec25.dir/CheckSymbolExists.c.o
/usr/bin/cc     -o CMakeFiles/cmTC_5ec25.dir/CheckSymbolExists.c.o   -c /home/pictobot/pcl_indoorPlaneSegmentation/build/CMakeFiles/CMakeTmp/CheckSymbolExists.c
Linking C executable cmTC_5ec25
/usr/bin/cmake -E cmake_link_script CMakeFiles/cmTC_5ec25.dir/link.txt --verbose=1
/usr/bin/cc       CMakeFiles/cmTC_5ec25.dir/CheckSymbolExists.c.o  -o cmTC_5ec25 -rdynamic 
CMakeFiles/cmTC_5ec25.dir/CheckSymbolExists.c.o: In function `main':
CheckSymbolExists.c:(.text+0x16): undefined reference to `pthread_create'
collect2: error: ld returned 1 exit status
CMakeFiles/cmTC_5ec25.dir/build.make:97: recipe for target 'cmTC_5ec25' failed
make[1]: *** [cmTC_5ec25] Error 1
make[1]: Leaving directory '/home/pictobot/pcl_indoorPlaneSegmentation/build/CMakeFiles/CMakeTmp'
Makefile:126: recipe for target 'cmTC_5ec25/fast' failed
make: *** [cmTC_5ec25/fast] Error 2

File /home/pictobot/pcl_indoorPlaneSegmentation/build/CMakeFiles/CMakeTmp/CheckSymbolExists.c:
/* */
#include <pthread.h>

int main(int argc, char** argv)
{
  (void)argv;
#ifndef pthread_create
  return ((int*)(&pthread_create))[argc];
#else
  (void)argc;
  return 0;
#endif
}

Determining if the function pthread_create exists in the pthreads failed with the following output:
Change Dir: /home/pictobot/pcl_indoorPlaneSegmentation/build/CMakeFiles/CMakeTmp

Run Build Command:"/usr/bin/make" "cmTC_f761c/fast"
/usr/bin/make -f CMakeFiles/cmTC_f761c.dir/build.make CMakeFiles/cmTC_f761c.dir/build
make[1]: Entering directory '/home/pictobot/pcl_indoorPlaneSegmentation/build/CMakeFiles/CMakeTmp'
Building C object CMakeFiles/cmTC_f761c.dir/CheckFunctionExists.c.o
/usr/bin/cc    -DCHECK_FUNCTION_EXISTS=pthread_create   -o CMakeFiles/cmTC_f761c.dir/CheckFunctionExists.c.o   -c /usr/share/cmake-3.5/Modules/CheckFunctionExists.c
Linking C executable cmTC_f761c
/usr/bin/cmake -E cmake_link_script CMakeFiles/cmTC_f761c.dir/link.txt --verbose=1
/usr/bin/cc   -DCHECK_FUNCTION_EXISTS=pthread_create    CMakeFiles/cmTC_f761c.dir/CheckFunctionExists.c.o  -o cmTC_f761c -rdynamic -lpthreads 
/usr/bin/ld: cannot find -lpthreads
collect2: error: ld returned 1 exit status
CMakeFiles/cmTC_f761c.dir/build.make:97: recipe for target 'cmTC_f761c' failed
make[1]: *** [cmTC_f761c] Error 1
make[1]: Leaving directory '/home/pictobot/pcl_indoorPlaneSegmentation/build/CMakeFiles/CMakeTmp'
Makefile:126: recipe for target 'cmTC_f761c/fast' failed
make: *** [cmTC_f761c/fast] Error 2


